<?xml version="1.0" encoding="UTF-8"?>
<!-- Generated by org.testng.reporters.JUnitReportReporter -->
<testsuite hostname="CHAKRAVARTHI" failures="0" tests="38" name="Runners.TestRunner" time="0.282" errors="0" timestamp="27 Nov 2024 06:18:57 GMT" skipped="0">
  <testcase classname="Runners.TestRunner" name="runScenario" time="0.004"/>
  <testcase classname="Runners.TestRunner" name="runScenario" time="0.003"/>
  <testcase classname="Runners.TestRunner" name="runScenario" time="0.005"/>
  <testcase classname="Runners.TestRunner" name="runScenario" time="0.005"/>
  <testcase classname="Runners.TestRunner" name="runScenario" time="0.004"/>
  <testcase classname="Runners.TestRunner" name="runScenario" time="0.002"/>
  <testcase classname="Runners.TestRunner" name="runScenario" time="0.002"/>
  <testcase classname="Runners.TestRunner" name="runScenario" time="0.005"/>
  <testcase classname="Runners.TestRunner" name="runScenario" time="0.003"/>
  <testcase classname="Runners.TestRunner" name="runScenario" time="0.005"/>
  <testcase classname="Runners.TestRunner" name="runScenario" time="0.003"/>
  <testcase classname="Runners.TestRunner" name="runScenario" time="0.005"/>
  <testcase classname="Runners.TestRunner" name="runScenario" time="0.006"/>
  <testcase classname="Runners.TestRunner" name="runScenario" time="0.005"/>
  <testcase classname="Runners.TestRunner" name="runScenario" time="0.002"/>
  <testcase classname="Runners.TestRunner" name="runScenario" time="0.003"/>
  <testcase classname="Runners.TestRunner" name="runScenario" time="0.003"/>
  <testcase classname="Runners.TestRunner" name="runScenario" time="0.004"/>
  <testcase classname="Runners.TestRunner" name="runScenario" time="0.004"/>
  <testcase classname="Runners.TestRunner" name="runScenario" time="0.005"/>
  <testcase classname="Runners.TestRunner" name="runScenario" time="0.003"/>
  <testcase classname="Runners.TestRunner" name="runScenario" time="0.003"/>
  <testcase classname="Runners.TestRunner" name="runScenario" time="0.002"/>
  <testcase classname="Runners.TestRunner" name="runScenario" time="0.145"/>
  <testcase classname="Runners.TestRunner" name="runScenario" time="0.002"/>
  <testcase classname="Runners.TestRunner" name="runScenario" time="0.003"/>
  <testcase classname="Runners.TestRunner" name="runScenario" time="0.004"/>
  <testcase classname="Runners.TestRunner" name="runScenario" time="0.002"/>
  <testcase classname="Runners.TestRunner" name="runScenario" time="0.007"/>
  <testcase classname="Runners.TestRunner" name="runScenario" time="0.003"/>
  <testcase classname="Runners.TestRunner" name="runScenario" time="0.004"/>
  <testcase classname="Runners.TestRunner" name="runScenario" time="0.003"/>
  <testcase classname="Runners.TestRunner" name="runScenario" time="0.004"/>
  <testcase classname="Runners.TestRunner" name="runScenario" time="0.003"/>
  <testcase classname="Runners.TestRunner" name="runScenario" time="0.007"/>
  <testcase classname="Runners.TestRunner" name="runScenario" time="0.003"/>
  <testcase classname="Runners.TestRunner" name="runScenario" time="0.003"/>
  <testcase classname="Runners.TestRunner" name="runScenario" time="0.003"/>
</testsuite> <!-- Runners.TestRunner -->
