<?xml version="1.0" encoding="UTF-8"?>
<!-- Generated by org.testng.reporters.JUnitReportReporter -->
<testsuite hostname="CHAKRAVARTHI" failures="0" tests="10" name="Runners.TestRunner" time="152.813" errors="0" timestamp="21 Nov 2024 06:35:40 GMT" skipped="0">
  <testcase classname="Runners.TestRunner" name="runScenario" time="22.333"/>
  <testcase classname="Runners.TestRunner" name="runScenario" time="10.836"/>
  <testcase classname="Runners.TestRunner" name="runScenario" time="10.942"/>
  <testcase classname="Runners.TestRunner" name="runScenario" time="10.748"/>
  <testcase classname="Runners.TestRunner" name="runScenario" time="26.363"/>
  <testcase classname="Runners.TestRunner" name="runScenario" time="22.431"/>
  <testcase classname="Runners.TestRunner" name="runScenario" time="10.973"/>
  <testcase classname="Runners.TestRunner" name="runScenario" time="10.658"/>
  <testcase classname="Runners.TestRunner" name="runScenario" time="10.695"/>
  <testcase classname="Runners.TestRunner" name="runScenario" time="16.834"/>
</testsuite> <!-- Runners.TestRunner -->
