<?xml version="1.0" encoding="UTF-8"?>
<!-- Generated by org.testng.reporters.JUnitReportReporter -->
<testsuite hostname="CHAKRAVARTHI" failures="0" tests="10" name="Runners.TestRunner" time="117.073" errors="0" timestamp="20 Nov 2024 10:15:13 GMT" skipped="0">
  <testcase classname="Runners.TestRunner" name="runScenario" time="19.312"/>
  <testcase classname="Runners.TestRunner" name="runScenario" time="7.391"/>
  <testcase classname="Runners.TestRunner" name="runScenario" time="6.956"/>
  <testcase classname="Runners.TestRunner" name="runScenario" time="21.168"/>
  <testcase classname="Runners.TestRunner" name="runScenario" time="20.839"/>
  <testcase classname="Runners.TestRunner" name="runScenario" time="7.098"/>
  <testcase classname="Runners.TestRunner" name="runScenario" time="7.007"/>
  <testcase classname="Runners.TestRunner" name="runScenario" time="6.906"/>
  <testcase classname="Runners.TestRunner" name="runScenario" time="8.316"/>
  <testcase classname="Runners.TestRunner" name="runScenario" time="12.080"/>
</testsuite> <!-- Runners.TestRunner -->
