<?xml version="1.0" encoding="UTF-8"?>
<!-- Generated by org.testng.reporters.JUnitReportReporter -->
<testsuite hostname="CHAKRAVARTHI" failures="0" tests="13" name="Runners.TestRunner" time="0.188" errors="0" timestamp="25 Nov 2024 09:43:37 GMT" skipped="0">
  <testcase classname="Runners.TestRunner" name="runScenario" time="0.008"/>
  <testcase classname="Runners.TestRunner" name="runScenario" time="0.111"/>
  <testcase classname="Runners.TestRunner" name="runScenario" time="0.008"/>
  <testcase classname="Runners.TestRunner" name="runScenario" time="0.005"/>
  <testcase classname="Runners.TestRunner" name="runScenario" time="0.006"/>
  <testcase classname="Runners.TestRunner" name="runScenario" time="0.007"/>
  <testcase classname="Runners.TestRunner" name="runScenario" time="0.007"/>
  <testcase classname="Runners.TestRunner" name="runScenario" time="0.009"/>
  <testcase classname="Runners.TestRunner" name="runScenario" time="0.006"/>
  <testcase classname="Runners.TestRunner" name="runScenario" time="0.005"/>
  <testcase classname="Runners.TestRunner" name="runScenario" time="0.004"/>
  <testcase classname="Runners.TestRunner" name="runScenario" time="0.005"/>
  <testcase classname="Runners.TestRunner" name="runScenario" time="0.007"/>
</testsuite> <!-- Runners.TestRunner -->
