<?xml version="1.0" encoding="UTF-8"?>
<!-- Generated by org.testng.reporters.JUnitReportReporter -->
<testsuite hostname="CHAKRAVARTHI" failures="0" tests="1" name="Runners.TestRunner" time="10.722" errors="0" timestamp="18 Nov 2024 11:05:50 GMT" skipped="0">
  <testcase classname="Runners.TestRunner" name="runScenario" time="10.722"/>
</testsuite> <!-- Runners.TestRunner -->
