<?xml version="1.0" encoding="UTF-8"?>
<!-- Generated by org.testng.reporters.JUnitReportReporter -->
<testsuite hostname="CHAKRAVARTHI" failures="0" tests="5" name="Runners.TestRunner" time="106.047" errors="0" timestamp="19 Nov 2024 12:11:48 GMT" skipped="0">
  <testcase classname="Runners.TestRunner" name="runScenario" time="23.328"/>
  <testcase classname="Runners.TestRunner" name="runScenario" time="20.606"/>
  <testcase classname="Runners.TestRunner" name="runScenario" time="20.935"/>
  <testcase classname="Runners.TestRunner" name="runScenario" time="21.038"/>
  <testcase classname="Runners.TestRunner" name="runScenario" time="20.140"/>
</testsuite> <!-- Runners.TestRunner -->
