<?xml version="1.0" encoding="UTF-8"?>
<!-- Generated by org.testng.reporters.JUnitReportReporter -->
<testsuite hostname="CHAKRAVARTHI" failures="0" tests="1" name="Runners.TestRunner" time="42.870" errors="0" timestamp="22 Nov 2024 06:19:07 GMT" skipped="0">
  <testcase classname="Runners.TestRunner" name="runScenario" time="42.870"/>
</testsuite> <!-- Runners.TestRunner -->
